["core", "initializing asyncomplete change manager", "asyncomplete#utils#_on_change#textchangedp#init"]
["core", "initializing asyncomplete change manager complete", "TextChangedP"]
["core", "computing active sources for buffer", 1]
["core", "active source for buffer", 1, ["file"]]
["core", "trigger characters for buffer", 1, {"/": {"file": ["/"]}}]
["core", "s:update_pum"]
["core", "s:recompute_pum"]
["core", "asyncomplete#preprocess_complete"]
["core", "asyncomplete#preprocess_complete calling complete()", 0, []]
["core", "initializing asyncomplete change manager", "asyncomplete#utils#_on_change#textchangedp#init"]
["core", "initializing asyncomplete change manager complete", "TextChangedP"]
["core", "computing active sources for buffer", 1]
["core", "active source for buffer", 1, ["file"]]
["core", "trigger characters for buffer", 1, {"/": {"file": ["/"]}}]
["core", "s:update_pum"]
["core", "s:recompute_pum"]
["core", "asyncomplete#preprocess_complete"]
["core", "asyncomplete#preprocess_complete calling complete()", 0, []]
["core", "s:trigger", {"status": "idle", "ctx": {"lnum": 12, "bufnr": 1, "col": 3, "changedtick": 5, "typed": "\tf", "filetype": "go", "curpos": [0, 12, 3, 0, 4], "filepath": "/Users/takeshimiyajima/study/vue.js+go/todo/backend/main.go"}, "startcol": 2, "items": [], "refresh": 0}]
["core", "s:trigger.completor()", "file", {"status": "pending", "ctx": {"lnum": 12, "bufnr": 1, "col": 3, "changedtick": 5, "typed": "\tf", "filetype": "go", "curpos": [0, 12, 3, 0, 4], "filepath": "/Users/takeshimiyajima/study/vue.js+go/todo/backend/main.go"}, "startcol": 2, "items": [], "refresh": 0}, {"lnum": 12, "bufnr": 1, "col": 3, "changedtick": 5, "typed": "\tf", "filetype": "go", "curpos": [0, 12, 3, 0, 4], "filepath": "/Users/takeshimiyajima/study/vue.js+go/todo/backend/main.go"}]
["core", "s:update_pum"]
["core", "s:recompute_pum"]
["core", "asyncomplete#preprocess_complete"]
["core", "asyncomplete#preprocess_complete calling complete()", 0, []]
["core", "s:trigger", {"status": "pending", "ctx": {"lnum": 12, "bufnr": 1, "col": 3, "changedtick": 5, "typed": "\tf", "filetype": "go", "curpos": [0, 12, 3, 0, 4], "filepath": "/Users/takeshimiyajima/study/vue.js+go/todo/backend/main.go"}, "startcol": 2, "items": [], "refresh": 0}]
["core", "s:update_pum"]
["core", "s:recompute_pum"]
["core", "asyncomplete#preprocess_complete"]
["core", "asyncomplete#preprocess_complete calling complete()", 0, []]
["core", "s:trigger", {"status": "pending", "ctx": {"lnum": 12, "bufnr": 1, "col": 3, "changedtick": 5, "typed": "\tf", "filetype": "go", "curpos": [0, 12, 3, 0, 4], "filepath": "/Users/takeshimiyajima/study/vue.js+go/todo/backend/main.go"}, "startcol": 2, "items": [], "refresh": 0}]
["core", "s:update_pum"]
["core", "s:recompute_pum"]
["core", "asyncomplete#preprocess_complete"]
["core", "asyncomplete#preprocess_complete calling complete()", 0, []]
["core", "s:trigger", {"status": "pending", "ctx": {"lnum": 12, "bufnr": 1, "col": 3, "changedtick": 5, "typed": "\tf", "filetype": "go", "curpos": [0, 12, 3, 0, 4], "filepath": "/Users/takeshimiyajima/study/vue.js+go/todo/backend/main.go"}, "startcol": 2, "items": [], "refresh": 0}]
["core", "s:update_pum"]
["core", "s:recompute_pum"]
["core", "asyncomplete#preprocess_complete"]
["core", "asyncomplete#preprocess_complete calling complete()", 0, []]
["core", "s:trigger", {"status": "pending", "ctx": {"lnum": 12, "bufnr": 1, "col": 3, "changedtick": 5, "typed": "\tf", "filetype": "go", "curpos": [0, 12, 3, 0, 4], "filepath": "/Users/takeshimiyajima/study/vue.js+go/todo/backend/main.go"}, "startcol": 2, "items": [], "refresh": 0}]
["core", "s:update_pum"]
["core", "s:recompute_pum"]
["core", "asyncomplete#preprocess_complete"]
["core", "asyncomplete#preprocess_complete calling complete()", 0, []]
["core", "s:trigger", {"status": "idle", "ctx": {"lnum": 12, "bufnr": 1, "col": 13, "changedtick": 15, "typed": "\tfmt.package", "filetype": "go", "curpos": [0, 12, 13, 0, 14], "filepath": "/Users/takeshimiyajima/study/vue.js+go/todo/backend/main.go"}, "startcol": 6, "items": [], "refresh": 0}]
["core", "s:trigger.completor()", "file", {"status": "pending", "ctx": {"lnum": 12, "bufnr": 1, "col": 13, "changedtick": 15, "typed": "\tfmt.package", "filetype": "go", "curpos": [0, 12, 13, 0, 14], "filepath": "/Users/takeshimiyajima/study/vue.js+go/todo/backend/main.go"}, "startcol": 6, "items": [], "refresh": 0}, {"lnum": 12, "bufnr": 1, "col": 13, "changedtick": 15, "typed": "\tfmt.package", "filetype": "go", "curpos": [0, 12, 13, 0, 14], "filepath": "/Users/takeshimiyajima/study/vue.js+go/todo/backend/main.go"}]
["core", "s:update_pum"]
["core", "s:recompute_pum"]
["core", "s:recomputed_pum", "ignorning refresh pum due to menu selection"]
["core", "s:update_pum"]
["core", "s:recompute_pum"]
["core", "asyncomplete#preprocess_complete"]
["core", "asyncomplete#preprocess_complete calling complete()", 0, []]
["core", "s:trigger", {"status": "idle", "ctx": {"lnum": 10, "bufnr": 1, "col": 3, "changedtick": 22, "typed": "\tt", "filetype": "go", "curpos": [0, 10, 3, 0, 4], "filepath": "/Users/takeshimiyajima/study/vue.js+go/todo/backend/main.go"}, "startcol": 2, "items": [], "refresh": 0}]
["core", "s:trigger.completor()", "file", {"status": "pending", "ctx": {"lnum": 10, "bufnr": 1, "col": 3, "changedtick": 22, "typed": "\tt", "filetype": "go", "curpos": [0, 10, 3, 0, 4], "filepath": "/Users/takeshimiyajima/study/vue.js+go/todo/backend/main.go"}, "startcol": 2, "items": [], "refresh": 0}, {"lnum": 10, "bufnr": 1, "col": 3, "changedtick": 22, "typed": "\tt", "filetype": "go", "curpos": [0, 10, 3, 0, 4], "filepath": "/Users/takeshimiyajima/study/vue.js+go/todo/backend/main.go"}]
["core", "s:update_pum"]
["core", "s:recompute_pum"]
["core", "asyncomplete#preprocess_complete"]
["core", "asyncomplete#preprocess_complete calling complete()", 0, []]
["core", "s:trigger", {"status": "pending", "ctx": {"lnum": 10, "bufnr": 1, "col": 3, "changedtick": 22, "typed": "\tt", "filetype": "go", "curpos": [0, 10, 3, 0, 4], "filepath": "/Users/takeshimiyajima/study/vue.js+go/todo/backend/main.go"}, "startcol": 2, "items": [], "refresh": 0}]
["core", "s:update_pum"]
["core", "s:recompute_pum"]
["core", "asyncomplete#preprocess_complete"]
["core", "asyncomplete#preprocess_complete calling complete()", 0, []]
["core", "s:trigger", {"status": "pending", "ctx": {"lnum": 10, "bufnr": 1, "col": 3, "changedtick": 22, "typed": "\tt", "filetype": "go", "curpos": [0, 10, 3, 0, 4], "filepath": "/Users/takeshimiyajima/study/vue.js+go/todo/backend/main.go"}, "startcol": 2, "items": [], "refresh": 0}]
["core", "s:update_pum"]
["core", "s:recompute_pum"]
["core", "asyncomplete#preprocess_complete"]
["core", "asyncomplete#preprocess_complete calling complete()", 0, []]
["core", "s:trigger", {"status": "pending", "ctx": {"lnum": 10, "bufnr": 1, "col": 3, "changedtick": 22, "typed": "\tt", "filetype": "go", "curpos": [0, 10, 3, 0, 4], "filepath": "/Users/takeshimiyajima/study/vue.js+go/todo/backend/main.go"}, "startcol": 2, "items": [], "refresh": 0}]
["core", "s:update_pum"]
["core", "s:recompute_pum"]
["core", "asyncomplete#preprocess_complete"]
["core", "asyncomplete#preprocess_complete calling complete()", 0, []]
["core", "s:trigger", {"status": "pending", "ctx": {"lnum": 10, "bufnr": 1, "col": 3, "changedtick": 22, "typed": "\tt", "filetype": "go", "curpos": [0, 10, 3, 0, 4], "filepath": "/Users/takeshimiyajima/study/vue.js+go/todo/backend/main.go"}, "startcol": 2, "items": [], "refresh": 0}]
["core", "s:update_pum"]
["core", "s:recompute_pum"]
["core", "asyncomplete#preprocess_complete"]
["core", "asyncomplete#preprocess_complete calling complete()", 0, []]
["core", "s:trigger", {"status": "pending", "ctx": {"lnum": 10, "bufnr": 1, "col": 3, "changedtick": 22, "typed": "\tt", "filetype": "go", "curpos": [0, 10, 3, 0, 4], "filepath": "/Users/takeshimiyajima/study/vue.js+go/todo/backend/main.go"}, "startcol": 2, "items": [], "refresh": 0}]
["core", "s:update_pum"]
["core", "s:recompute_pum"]
["core", "s:recomputed_pum", "ignorning refresh pum due to menu selection"]
["core", "s:trigger", {"status": "pending", "ctx": {"lnum": 10, "bufnr": 1, "col": 3, "changedtick": 22, "typed": "\tt", "filetype": "go", "curpos": [0, 10, 3, 0, 4], "filepath": "/Users/takeshimiyajima/study/vue.js+go/todo/backend/main.go"}, "startcol": 2, "items": [], "refresh": 0}]
["core", "s:update_pum"]
["core", "s:recompute_pum"]
["core", "asyncomplete#preprocess_complete"]
["core", "asyncomplete#preprocess_complete calling complete()", 0, []]
["core", "initializing asyncomplete change manager", "asyncomplete#utils#_on_change#textchangedp#init"]
["core", "initializing asyncomplete change manager complete", "TextChangedP"]
["core", "initializing asyncomplete change manager", "asyncomplete#utils#_on_change#textchangedp#init"]
["core", "initializing asyncomplete change manager complete", "TextChangedP"]
["core", "initializing asyncomplete change manager", "asyncomplete#utils#_on_change#textchangedp#init"]
["core", "initializing asyncomplete change manager complete", "TextChangedP"]
["core", "initializing asyncomplete change manager", "asyncomplete#utils#_on_change#textchangedp#init"]
["core", "initializing asyncomplete change manager complete", "TextChangedP"]
["core", "computing active sources for buffer", 1]
["core", "active source for buffer", 1, ["file"]]
["core", "trigger characters for buffer", 1, {"/": {"file": ["/"]}}]
["core", "s:update_pum"]
["core", "s:recompute_pum"]
["core", "asyncomplete#preprocess_complete"]
["core", "asyncomplete#preprocess_complete calling complete()", 0, []]
["core", "s:trigger", {"status": "idle", "ctx": {"lnum": 12, "bufnr": 1, "col": 3, "changedtick": 5, "typed": "\tf", "filetype": "go", "curpos": [0, 12, 3, 0, 4], "filepath": "/Users/takeshimiyajima/study/vue.js+go/todo/backend/main.go"}, "startcol": 2, "items": [], "refresh": 0}]
["core", "s:trigger.completor()", "file", {"status": "pending", "ctx": {"lnum": 12, "bufnr": 1, "col": 3, "changedtick": 5, "typed": "\tf", "filetype": "go", "curpos": [0, 12, 3, 0, 4], "filepath": "/Users/takeshimiyajima/study/vue.js+go/todo/backend/main.go"}, "startcol": 2, "items": [], "refresh": 0}, {"lnum": 12, "bufnr": 1, "col": 3, "changedtick": 5, "typed": "\tf", "filetype": "go", "curpos": [0, 12, 3, 0, 4], "filepath": "/Users/takeshimiyajima/study/vue.js+go/todo/backend/main.go"}]
["core", "s:update_pum"]
["core", "s:recompute_pum"]
["core", "asyncomplete#preprocess_complete"]
["core", "asyncomplete#preprocess_complete calling complete()", 0, []]
["core", "s:trigger", {"status": "pending", "ctx": {"lnum": 12, "bufnr": 1, "col": 3, "changedtick": 5, "typed": "\tf", "filetype": "go", "curpos": [0, 12, 3, 0, 4], "filepath": "/Users/takeshimiyajima/study/vue.js+go/todo/backend/main.go"}, "startcol": 2, "items": [], "refresh": 0}]
["core", "s:update_pum"]
["core", "s:recompute_pum"]
["core", "asyncomplete#preprocess_complete"]
["core", "asyncomplete#preprocess_complete calling complete()", 0, []]
["core", "s:trigger", {"status": "pending", "ctx": {"lnum": 12, "bufnr": 1, "col": 3, "changedtick": 5, "typed": "\tf", "filetype": "go", "curpos": [0, 12, 3, 0, 4], "filepath": "/Users/takeshimiyajima/study/vue.js+go/todo/backend/main.go"}, "startcol": 2, "items": [], "refresh": 0}]
["core", "s:update_pum"]
["core", "s:recompute_pum"]
["core", "asyncomplete#preprocess_complete"]
["core", "asyncomplete#preprocess_complete calling complete()", 0, []]
["core", "s:update_pum"]
["core", "s:recompute_pum"]
["core", "asyncomplete#preprocess_complete"]
["core", "asyncomplete#preprocess_complete calling complete()", 0, []]
["core", "s:update_pum"]
["core", "s:recompute_pum"]
["core", "asyncomplete#preprocess_complete"]
["core", "asyncomplete#preprocess_complete calling complete()", 0, []]
["core", "s:update_pum"]
["core", "s:recompute_pum"]
["core", "asyncomplete#preprocess_complete"]
["core", "asyncomplete#preprocess_complete calling complete()", 0, []]
["core", "s:trigger", {"status": "idle", "ctx": {"lnum": 12, "bufnr": 1, "col": 7, "changedtick": 13, "typed": "\tfmt.p", "filetype": "go", "curpos": [0, 12, 7, 0, 8], "filepath": "/Users/takeshimiyajima/study/vue.js+go/todo/backend/main.go"}, "startcol": 6, "items": [], "refresh": 0}]
["core", "s:trigger.completor()", "file", {"status": "pending", "ctx": {"lnum": 12, "bufnr": 1, "col": 7, "changedtick": 13, "typed": "\tfmt.p", "filetype": "go", "curpos": [0, 12, 7, 0, 8], "filepath": "/Users/takeshimiyajima/study/vue.js+go/todo/backend/main.go"}, "startcol": 6, "items": [], "refresh": 0}, {"lnum": 12, "bufnr": 1, "col": 7, "changedtick": 13, "typed": "\tfmt.p", "filetype": "go", "curpos": [0, 12, 7, 0, 8], "filepath": "/Users/takeshimiyajima/study/vue.js+go/todo/backend/main.go"}]
["core", "s:update_pum"]
["core", "s:recompute_pum"]
["core", "asyncomplete#preprocess_complete"]
["core", "asyncomplete#preprocess_complete calling complete()", 0, []]
["core", "s:trigger", {"status": "pending", "ctx": {"lnum": 12, "bufnr": 1, "col": 7, "changedtick": 13, "typed": "\tfmt.p", "filetype": "go", "curpos": [0, 12, 7, 0, 8], "filepath": "/Users/takeshimiyajima/study/vue.js+go/todo/backend/main.go"}, "startcol": 6, "items": [], "refresh": 0}]
["core", "s:update_pum"]
["core", "s:recompute_pum"]
["core", "asyncomplete#preprocess_complete"]
["core", "asyncomplete#preprocess_complete calling complete()", 0, []]
["core", "s:trigger", {"status": "pending", "ctx": {"lnum": 12, "bufnr": 1, "col": 7, "changedtick": 13, "typed": "\tfmt.p", "filetype": "go", "curpos": [0, 12, 7, 0, 8], "filepath": "/Users/takeshimiyajima/study/vue.js+go/todo/backend/main.go"}, "startcol": 6, "items": [], "refresh": 0}]
["core", "s:update_pum"]
["core", "s:recompute_pum"]
["core", "asyncomplete#preprocess_complete"]
["core", "asyncomplete#preprocess_complete calling complete()", 0, []]
["core", "s:trigger", {"status": "pending", "ctx": {"lnum": 12, "bufnr": 1, "col": 7, "changedtick": 13, "typed": "\tfmt.p", "filetype": "go", "curpos": [0, 12, 7, 0, 8], "filepath": "/Users/takeshimiyajima/study/vue.js+go/todo/backend/main.go"}, "startcol": 6, "items": [], "refresh": 0}]
["core", "s:update_pum"]
["core", "s:recompute_pum"]
["core", "asyncomplete#preprocess_complete"]
["core", "asyncomplete#preprocess_complete calling complete()", 0, []]
["core", "s:trigger", {"status": "pending", "ctx": {"lnum": 12, "bufnr": 1, "col": 7, "changedtick": 13, "typed": "\tfmt.p", "filetype": "go", "curpos": [0, 12, 7, 0, 8], "filepath": "/Users/takeshimiyajima/study/vue.js+go/todo/backend/main.go"}, "startcol": 6, "items": [], "refresh": 0}]
["core", "s:update_pum"]
["core", "s:recompute_pum"]
["core", "asyncomplete#preprocess_complete"]
["core", "asyncomplete#preprocess_complete calling complete()", 0, []]
["core", "s:trigger", {"status": "pending", "ctx": {"lnum": 12, "bufnr": 1, "col": 7, "changedtick": 13, "typed": "\tfmt.p", "filetype": "go", "curpos": [0, 12, 7, 0, 8], "filepath": "/Users/takeshimiyajima/study/vue.js+go/todo/backend/main.go"}, "startcol": 6, "items": [], "refresh": 0}]
["core", "s:update_pum"]
["core", "s:recompute_pum"]
["core", "asyncomplete#preprocess_complete"]
["core", "asyncomplete#preprocess_complete calling complete()", 0, []]
["core", "s:trigger", {"status": "pending", "ctx": {"lnum": 12, "bufnr": 1, "col": 7, "changedtick": 13, "typed": "\tfmt.p", "filetype": "go", "curpos": [0, 12, 7, 0, 8], "filepath": "/Users/takeshimiyajima/study/vue.js+go/todo/backend/main.go"}, "startcol": 6, "items": [], "refresh": 0}]
["core", "s:update_pum"]
["core", "s:recompute_pum"]
["core", "asyncomplete#preprocess_complete"]
["core", "asyncomplete#preprocess_complete calling complete()", 0, []]
["core", "initializing asyncomplete change manager", "asyncomplete#utils#_on_change#textchangedp#init"]
["core", "initializing asyncomplete change manager complete", "TextChangedP"]
["core", "computing active sources for buffer", 1]
["core", "active source for buffer", 1, ["file"]]
["core", "trigger characters for buffer", 1, {"/": {"file": ["/"]}}]
["core", "s:update_pum"]
["core", "s:recompute_pum"]
["core", "asyncomplete#preprocess_complete"]
["core", "asyncomplete#preprocess_complete calling complete()", 0, []]
